{"C:\\Users\\Lenovo\\Desktop\\sesion13\\sesion13\\sesion13\\routes.js": {"path":"C:\\Users\\Lenovo\\Desktop\\sesion13\\sesion13\\sesion13\\routes.js","statementMap":{"0":{"start":{"line":4,"column":14},"end":{"line":4,"column":31}},"1":{"start":{"line":7,"column":0},"end":{"line":7,"column":37}},"2":{"start":{"line":8,"column":0},"end":{"line":8,"column":41}}},"fnMap":{},"branchMap":{},"s":{"0":2,"1":2,"2":2},"f":{},"b":{},"inputSourceMap":null,"_coverageSchema":"1a1c01bbd47fc00a2c39e90264f33305004495a9","hash":"470ec2ccc4b83088e08ba9ad463f6f5363a08694"}
,"C:\\Users\\Lenovo\\Desktop\\sesion13\\sesion13\\sesion13\\config\\auth.js": {"path":"C:\\Users\\Lenovo\\Desktop\\sesion13\\sesion13\\sesion13\\config\\auth.js","statementMap":{"0":{"start":{"line":3,"column":15},"end":{"line":3,"column":53}},"1":{"start":{"line":4,"column":23},"end":{"line":4,"column":77}},"2":{"start":{"line":5,"column":19},"end":{"line":5,"column":23}},"3":{"start":{"line":6,"column":27},"end":{"line":6,"column":31}},"4":{"start":{"line":8,"column":29},"end":{"line":9,"column":54}},"5":{"start":{"line":9,"column":2},"end":{"line":9,"column":54}},"6":{"start":{"line":11,"column":36},"end":{"line":12,"column":70}},"7":{"start":{"line":12,"column":2},"end":{"line":12,"column":70}},"8":{"start":{"line":14,"column":34},"end":{"line":15,"column":35}},"9":{"start":{"line":15,"column":2},"end":{"line":15,"column":35}},"10":{"start":{"line":18,"column":29},"end":{"line":33,"column":1}},"11":{"start":{"line":19,"column":17},"end":{"line":19,"column":48}},"12":{"start":{"line":20,"column":16},"end":{"line":20,"column":69}},"13":{"start":{"line":22,"column":2},"end":{"line":22,"column":72}},"14":{"start":{"line":22,"column":14},"end":{"line":22,"column":72}},"15":{"start":{"line":24,"column":2},"end":{"line":32,"column":3}},"16":{"start":{"line":25,"column":20},"end":{"line":25,"column":45}},"17":{"start":{"line":26,"column":4},"end":{"line":26,"column":23}},"18":{"start":{"line":27,"column":4},"end":{"line":27,"column":18}},"19":{"start":{"line":29,"column":4},"end":{"line":31,"column":34}}},"fnMap":{"0":{"name":"(anonymous_0)","decl":{"start":{"line":8,"column":29},"end":{"line":8,"column":30}},"loc":{"start":{"line":9,"column":2},"end":{"line":9,"column":54}},"line":9},"1":{"name":"(anonymous_1)","decl":{"start":{"line":11,"column":36},"end":{"line":11,"column":37}},"loc":{"start":{"line":12,"column":2},"end":{"line":12,"column":70}},"line":12},"2":{"name":"(anonymous_2)","decl":{"start":{"line":14,"column":34},"end":{"line":14,"column":35}},"loc":{"start":{"line":15,"column":2},"end":{"line":15,"column":35}},"line":15},"3":{"name":"(anonymous_3)","decl":{"start":{"line":18,"column":29},"end":{"line":18,"column":30}},"loc":{"start":{"line":18,"column":49},"end":{"line":33,"column":1}},"line":18}},"branchMap":{"0":{"loc":{"start":{"line":3,"column":15},"end":{"line":3,"column":53}},"type":"binary-expr","locations":[{"start":{"line":3,"column":15},"end":{"line":3,"column":37}},{"start":{"line":3,"column":41},"end":{"line":3,"column":53}}],"line":3},"1":{"loc":{"start":{"line":4,"column":23},"end":{"line":4,"column":77}},"type":"binary-expr","locations":[{"start":{"line":4,"column":23},"end":{"line":4,"column":53}},{"start":{"line":4,"column":57},"end":{"line":4,"column":77}}],"line":4},"2":{"loc":{"start":{"line":19,"column":17},"end":{"line":19,"column":48}},"type":"binary-expr","locations":[{"start":{"line":19,"column":17},"end":{"line":19,"column":42}},{"start":{"line":19,"column":46},"end":{"line":19,"column":48}}],"line":19},"3":{"loc":{"start":{"line":20,"column":16},"end":{"line":20,"column":69}},"type":"cond-expr","locations":[{"start":{"line":20,"column":47},"end":{"line":20,"column":62}},{"start":{"line":20,"column":65},"end":{"line":20,"column":69}}],"line":20},"4":{"loc":{"start":{"line":22,"column":2},"end":{"line":22,"column":72}},"type":"if","locations":[{"start":{"line":22,"column":2},"end":{"line":22,"column":72}},{"start":{},"end":{}}],"line":22},"5":{"loc":{"start":{"line":30,"column":14},"end":{"line":30,"column":56}},"type":"cond-expr","locations":[{"start":{"line":30,"column":47},"end":{"line":30,"column":50}},{"start":{"line":30,"column":53},"end":{"line":30,"column":56}}],"line":30}},"s":{"0":3,"1":3,"2":3,"3":3,"4":3,"5":2,"6":3,"7":1,"8":3,"9":0,"10":3,"11":0,"12":0,"13":0,"14":0,"15":0,"16":0,"17":0,"18":0,"19":0},"f":{"0":2,"1":1,"2":0,"3":0},"b":{"0":[3,3],"1":[3,3],"2":[0,0],"3":[0,0],"4":[0,0],"5":[0,0]},"inputSourceMap":null,"_coverageSchema":"1a1c01bbd47fc00a2c39e90264f33305004495a9","hash":"27beb26748646ba32c4c385d2ea81f524428fcb7"}
,"C:\\Users\\Lenovo\\Desktop\\sesion13\\sesion13\\sesion13\\config\\cors.js": {"path":"C:\\Users\\Lenovo\\Desktop\\sesion13\\sesion13\\sesion13\\config\\cors.js","statementMap":{"0":{"start":{"line":4,"column":0},"end":{"line":4,"column":35}},"1":{"start":{"line":5,"column":20},"end":{"line":10,"column":1}}},"fnMap":{},"branchMap":{},"s":{"0":2,"1":2},"f":{},"b":{},"inputSourceMap":null,"_coverageSchema":"1a1c01bbd47fc00a2c39e90264f33305004495a9","hash":"111f791505c3d7c13f9d283a19b31706463078ce"}
,"C:\\Users\\Lenovo\\Desktop\\sesion13\\sesion13\\sesion13\\config\\mongoose.js": {"path":"C:\\Users\\Lenovo\\Desktop\\sesion13\\sesion13\\sesion13\\config\\mongoose.js","statementMap":{"0":{"start":{"line":3,"column":20},"end":{"line":3,"column":81}},"1":{"start":{"line":4,"column":18},"end":{"line":4,"column":23}},"2":{"start":{"line":7,"column":2},"end":{"line":7,"column":36}},"3":{"start":{"line":7,"column":19},"end":{"line":7,"column":36}},"4":{"start":{"line":8,"column":2},"end":{"line":8,"column":31}},"5":{"start":{"line":9,"column":2},"end":{"line":9,"column":21}},"6":{"start":{"line":10,"column":2},"end":{"line":10,"column":19}},"7":{"start":{"line":14,"column":2},"end":{"line":14,"column":27}},"8":{"start":{"line":14,"column":20},"end":{"line":14,"column":27}},"9":{"start":{"line":15,"column":2},"end":{"line":15,"column":37}},"10":{"start":{"line":16,"column":2},"end":{"line":16,"column":22}},"11":{"start":{"line":19,"column":0},"end":{"line":19,"column":78}},"12":{"start":{"line":19,"column":43},"end":{"line":19,"column":76}},"13":{"start":{"line":20,"column":0},"end":{"line":20,"column":84}},"14":{"start":{"line":20,"column":42},"end":{"line":20,"column":82}},"15":{"start":{"line":21,"column":0},"end":{"line":21,"column":84}},"16":{"start":{"line":21,"column":46},"end":{"line":21,"column":82}},"17":{"start":{"line":24,"column":0},"end":{"line":26,"column":1}},"18":{"start":{"line":25,"column":2},"end":{"line":25,"column":80}},"19":{"start":{"line":25,"column":23},"end":{"line":25,"column":57}}},"fnMap":{"0":{"name":"connect","decl":{"start":{"line":6,"column":22},"end":{"line":6,"column":29}},"loc":{"start":{"line":6,"column":49},"end":{"line":11,"column":1}},"line":6},"1":{"name":"disconnect","decl":{"start":{"line":13,"column":22},"end":{"line":13,"column":32}},"loc":{"start":{"line":13,"column":35},"end":{"line":17,"column":1}},"line":13},"2":{"name":"(anonymous_2)","decl":{"start":{"line":19,"column":37},"end":{"line":19,"column":38}},"loc":{"start":{"line":19,"column":43},"end":{"line":19,"column":76}},"line":19},"3":{"name":"(anonymous_3)","decl":{"start":{"line":20,"column":33},"end":{"line":20,"column":34}},"loc":{"start":{"line":20,"column":42},"end":{"line":20,"column":82}},"line":20},"4":{"name":"(anonymous_4)","decl":{"start":{"line":21,"column":40},"end":{"line":21,"column":41}},"loc":{"start":{"line":21,"column":46},"end":{"line":21,"column":82}},"line":21},"5":{"name":"(anonymous_5)","decl":{"start":{"line":25,"column":17},"end":{"line":25,"column":18}},"loc":{"start":{"line":25,"column":23},"end":{"line":25,"column":57}},"line":25}},"branchMap":{"0":{"loc":{"start":{"line":3,"column":20},"end":{"line":3,"column":81}},"type":"binary-expr","locations":[{"start":{"line":3,"column":20},"end":{"line":3,"column":41}},{"start":{"line":3,"column":45},"end":{"line":3,"column":81}}],"line":3},"1":{"loc":{"start":{"line":6,"column":30},"end":{"line":6,"column":47}},"type":"default-arg","locations":[{"start":{"line":6,"column":36},"end":{"line":6,"column":47}}],"line":6},"2":{"loc":{"start":{"line":7,"column":2},"end":{"line":7,"column":36}},"type":"if","locations":[{"start":{"line":7,"column":2},"end":{"line":7,"column":36}},{"start":{},"end":{}}],"line":7},"3":{"loc":{"start":{"line":14,"column":2},"end":{"line":14,"column":27}},"type":"if","locations":[{"start":{"line":14,"column":2},"end":{"line":14,"column":27}},{"start":{},"end":{}}],"line":14},"4":{"loc":{"start":{"line":24,"column":0},"end":{"line":26,"column":1}},"type":"if","locations":[{"start":{"line":24,"column":0},"end":{"line":26,"column":1}},{"start":{},"end":{}}],"line":24}},"s":{"0":5,"1":5,"2":2,"3":0,"4":2,"5":2,"6":2,"7":2,"8":0,"9":2,"10":2,"11":5,"12":3,"13":5,"14":0,"15":5,"16":4,"17":5,"18":0,"19":0},"f":{"0":2,"1":2,"2":3,"3":0,"4":4,"5":0},"b":{"0":[5,5],"1":[0],"2":[0,2],"3":[0,2],"4":[0,5]},"inputSourceMap":null,"_coverageSchema":"1a1c01bbd47fc00a2c39e90264f33305004495a9","hash":"03ca51ab24cde6f1cd02de43fdca5e591e5fc168"}
,"C:\\Users\\Lenovo\\Desktop\\sesion13\\sesion13\\sesion13\\controllers\\producto.controller.js": {"path":"C:\\Users\\Lenovo\\Desktop\\sesion13\\sesion13\\sesion13\\controllers\\producto.controller.js","statementMap":{"0":{"start":{"line":3,"column":23},"end":{"line":12,"column":1}},"1":{"start":{"line":4,"column":2},"end":{"line":11,"column":3}},"2":{"start":{"line":5,"column":26},"end":{"line":5,"column":35}},"3":{"start":{"line":6,"column":17},"end":{"line":6,"column":50}},"4":{"start":{"line":7,"column":4},"end":{"line":7,"column":25}},"5":{"start":{"line":9,"column":4},"end":{"line":9,"column":21}},"6":{"start":{"line":10,"column":4},"end":{"line":10,"column":66}},"7":{"start":{"line":14,"column":26},"end":{"line":22,"column":1}},"8":{"start":{"line":15,"column":2},"end":{"line":21,"column":3}},"9":{"start":{"line":16,"column":17},"end":{"line":16,"column":48}},"10":{"start":{"line":17,"column":4},"end":{"line":17,"column":25}},"11":{"start":{"line":19,"column":4},"end":{"line":19,"column":21}},"12":{"start":{"line":20,"column":4},"end":{"line":20,"column":67}}},"fnMap":{"0":{"name":"(anonymous_0)","decl":{"start":{"line":3,"column":23},"end":{"line":3,"column":24}},"loc":{"start":{"line":3,"column":43},"end":{"line":12,"column":1}},"line":3},"1":{"name":"(anonymous_1)","decl":{"start":{"line":14,"column":26},"end":{"line":14,"column":27}},"loc":{"start":{"line":14,"column":46},"end":{"line":22,"column":1}},"line":14}},"branchMap":{"0":{"loc":{"start":{"line":7,"column":13},"end":{"line":7,"column":23}},"type":"binary-expr","locations":[{"start":{"line":7,"column":13},"end":{"line":7,"column":17}},{"start":{"line":7,"column":21},"end":{"line":7,"column":23}}],"line":7},"1":{"loc":{"start":{"line":17,"column":13},"end":{"line":17,"column":23}},"type":"binary-expr","locations":[{"start":{"line":17,"column":13},"end":{"line":17,"column":17}},{"start":{"line":17,"column":21},"end":{"line":17,"column":23}}],"line":17}},"s":{"0":2,"1":2,"2":2,"3":2,"4":1,"5":1,"6":1,"7":2,"8":1,"9":1,"10":1,"11":0,"12":0},"f":{"0":2,"1":1},"b":{"0":[1,0],"1":[1,0]},"inputSourceMap":null,"_coverageSchema":"1a1c01bbd47fc00a2c39e90264f33305004495a9","hash":"12dd14ec9276791cbe4b0c2c0c00670d5dbeff56"}
,"C:\\Users\\Lenovo\\Desktop\\sesion13\\sesion13\\sesion13\\controllers\\seguridad.controller.js": {"path":"C:\\Users\\Lenovo\\Desktop\\sesion13\\sesion13\\sesion13\\controllers\\seguridad.controller.js","statementMap":{"0":{"start":{"line":4,"column":23},"end":{"line":14,"column":1}},"1":{"start":{"line":5,"column":4},"end":{"line":5,"column":54}},"2":{"start":{"line":7,"column":4},"end":{"line":13,"column":5}},"3":{"start":{"line":8,"column":25},"end":{"line":8,"column":51}},"4":{"start":{"line":9,"column":8},"end":{"line":9,"column":33}},"5":{"start":{"line":11,"column":8},"end":{"line":11,"column":27}},"6":{"start":{"line":12,"column":8},"end":{"line":12,"column":69}},"7":{"start":{"line":16,"column":24},"end":{"line":28,"column":1}},"8":{"start":{"line":17,"column":4},"end":{"line":17,"column":54}},"9":{"start":{"line":19,"column":4},"end":{"line":27,"column":5}},"10":{"start":{"line":21,"column":26},"end":{"line":21,"column":39}},"11":{"start":{"line":22,"column":25},"end":{"line":22,"column":62}},"12":{"start":{"line":23,"column":8},"end":{"line":23,"column":33}},"13":{"start":{"line":25,"column":8},"end":{"line":25,"column":27}},"14":{"start":{"line":26,"column":8},"end":{"line":26,"column":69}},"15":{"start":{"line":32,"column":21},"end":{"line":84,"column":1}},"16":{"start":{"line":33,"column":2},"end":{"line":33,"column":52}},"17":{"start":{"line":34,"column":38},"end":{"line":34,"column":46}},"18":{"start":{"line":35,"column":26},"end":{"line":35,"column":56}},"19":{"start":{"line":37,"column":2},"end":{"line":83,"column":3}},"20":{"start":{"line":38,"column":4},"end":{"line":40,"column":5}},"21":{"start":{"line":39,"column":6},"end":{"line":39,"column":85}},"22":{"start":{"line":42,"column":21},"end":{"line":42,"column":71}},"23":{"start":{"line":43,"column":17},"end":{"line":43,"column":65}},"24":{"start":{"line":45,"column":4},"end":{"line":47,"column":5}},"25":{"start":{"line":46,"column":6},"end":{"line":46,"column":69}},"26":{"start":{"line":50,"column":22},"end":{"line":50,"column":62}},"27":{"start":{"line":51,"column":25},"end":{"line":51,"column":70}},"28":{"start":{"line":53,"column":4},"end":{"line":55,"column":5}},"29":{"start":{"line":54,"column":6},"end":{"line":54,"column":69}},"30":{"start":{"line":58,"column":20},"end":{"line":62,"column":5}},"31":{"start":{"line":64,"column":18},"end":{"line":64,"column":45}},"32":{"start":{"line":65,"column":25},"end":{"line":65,"column":86}},"33":{"start":{"line":67,"column":4},"end":{"line":67,"column":33}},"34":{"start":{"line":68,"column":4},"end":{"line":68,"column":47}},"35":{"start":{"line":70,"column":4},"end":{"line":79,"column":7}},"36":{"start":{"line":81,"column":4},"end":{"line":81,"column":23}},"37":{"start":{"line":82,"column":4},"end":{"line":82,"column":73}},"38":{"start":{"line":88,"column":28},"end":{"line":124,"column":1}},"39":{"start":{"line":89,"column":4},"end":{"line":89,"column":54}},"40":{"start":{"line":90,"column":25},"end":{"line":90,"column":33}},"41":{"start":{"line":91,"column":4},"end":{"line":91,"column":30}},"42":{"start":{"line":93,"column":4},"end":{"line":95,"column":5}},"43":{"start":{"line":94,"column":8},"end":{"line":94,"column":73}},"44":{"start":{"line":97,"column":4},"end":{"line":123,"column":5}},"45":{"start":{"line":98,"column":24},"end":{"line":98,"column":61}},"46":{"start":{"line":99,"column":8},"end":{"line":99,"column":29}},"47":{"start":{"line":101,"column":8},"end":{"line":118,"column":11}},"48":{"start":{"line":104,"column":12},"end":{"line":113,"column":73}},"49":{"start":{"line":106,"column":26},"end":{"line":106,"column":57}},"50":{"start":{"line":107,"column":16},"end":{"line":107,"column":45}},"51":{"start":{"line":108,"column":16},"end":{"line":110,"column":28}},"52":{"start":{"line":113,"column":16},"end":{"line":113,"column":73}},"53":{"start":{"line":116,"column":12},"end":{"line":116,"column":29}},"54":{"start":{"line":117,"column":12},"end":{"line":117,"column":73}},"55":{"start":{"line":121,"column":8},"end":{"line":121,"column":36}},"56":{"start":{"line":122,"column":8},"end":{"line":122,"column":91}},"57":{"start":{"line":127,"column":22},"end":{"line":169,"column":1}},"58":{"start":{"line":128,"column":2},"end":{"line":128,"column":61}},"59":{"start":{"line":129,"column":2},"end":{"line":168,"column":3}},"60":{"start":{"line":130,"column":76},"end":{"line":130,"column":84}},"61":{"start":{"line":132,"column":4},"end":{"line":134,"column":5}},"62":{"start":{"line":133,"column":6},"end":{"line":133,"column":75}},"63":{"start":{"line":137,"column":20},"end":{"line":149,"column":5}},"64":{"start":{"line":152,"column":23},"end":{"line":152,"column":49}},"65":{"start":{"line":153,"column":4},"end":{"line":156,"column":5}},"66":{"start":{"line":153,"column":29},"end":{"line":154,"column":71}},"67":{"start":{"line":155,"column":6},"end":{"line":155,"column":99}},"68":{"start":{"line":158,"column":19},"end":{"line":158,"column":51}},"69":{"start":{"line":159,"column":4},"end":{"line":159,"column":62}},"70":{"start":{"line":161,"column":4},"end":{"line":161,"column":23}},"71":{"start":{"line":164,"column":4},"end":{"line":166,"column":5}},"72":{"start":{"line":165,"column":6},"end":{"line":165,"column":91}},"73":{"start":{"line":167,"column":4},"end":{"line":167,"column":73}},"74":{"start":{"line":172,"column":22},"end":{"line":186,"column":1}},"75":{"start":{"line":173,"column":4},"end":{"line":173,"column":54}},"76":{"start":{"line":175,"column":4},"end":{"line":185,"column":5}},"77":{"start":{"line":176,"column":26},"end":{"line":176,"column":39}},"78":{"start":{"line":177,"column":26},"end":{"line":177,"column":34}},"79":{"start":{"line":178,"column":8},"end":{"line":178,"column":32}},"80":{"start":{"line":179,"column":8},"end":{"line":179,"column":32}},"81":{"start":{"line":180,"column":25},"end":{"line":180,"column":72}},"82":{"start":{"line":181,"column":8},"end":{"line":181,"column":33}},"83":{"start":{"line":183,"column":8},"end":{"line":183,"column":27}},"84":{"start":{"line":184,"column":8},"end":{"line":184,"column":69}},"85":{"start":{"line":188,"column":32},"end":{"line":199,"column":1}},"86":{"start":{"line":189,"column":4},"end":{"line":189,"column":54}},"87":{"start":{"line":190,"column":4},"end":{"line":198,"column":5}},"88":{"start":{"line":191,"column":26},"end":{"line":191,"column":45}},"89":{"start":{"line":192,"column":8},"end":{"line":192,"column":32}},"90":{"start":{"line":193,"column":25},"end":{"line":193,"column":70}},"91":{"start":{"line":194,"column":8},"end":{"line":194,"column":33}},"92":{"start":{"line":196,"column":8},"end":{"line":196,"column":27}},"93":{"start":{"line":197,"column":8},"end":{"line":197,"column":69}}},"fnMap":{"0":{"name":"(anonymous_0)","decl":{"start":{"line":4,"column":23},"end":{"line":4,"column":24}},"loc":{"start":{"line":4,"column":48},"end":{"line":14,"column":1}},"line":4},"1":{"name":"(anonymous_1)","decl":{"start":{"line":16,"column":24},"end":{"line":16,"column":25}},"loc":{"start":{"line":16,"column":49},"end":{"line":28,"column":1}},"line":16},"2":{"name":"(anonymous_2)","decl":{"start":{"line":32,"column":21},"end":{"line":32,"column":22}},"loc":{"start":{"line":32,"column":47},"end":{"line":84,"column":1}},"line":32},"3":{"name":"(anonymous_3)","decl":{"start":{"line":88,"column":28},"end":{"line":88,"column":29}},"loc":{"start":{"line":88,"column":47},"end":{"line":124,"column":1}},"line":88},"4":{"name":"(anonymous_4)","decl":{"start":{"line":102,"column":14},"end":{"line":102,"column":15}},"loc":{"start":{"line":102,"column":26},"end":{"line":114,"column":9}},"line":102},"5":{"name":"(anonymous_5)","decl":{"start":{"line":115,"column":15},"end":{"line":115,"column":16}},"loc":{"start":{"line":115,"column":22},"end":{"line":118,"column":9}},"line":115},"6":{"name":"(anonymous_6)","decl":{"start":{"line":127,"column":22},"end":{"line":127,"column":23}},"loc":{"start":{"line":127,"column":47},"end":{"line":169,"column":1}},"line":127},"7":{"name":"(anonymous_7)","decl":{"start":{"line":153,"column":24},"end":{"line":153,"column":25}},"loc":{"start":{"line":153,"column":29},"end":{"line":154,"column":71}},"line":153},"8":{"name":"(anonymous_8)","decl":{"start":{"line":172,"column":22},"end":{"line":172,"column":23}},"loc":{"start":{"line":172,"column":47},"end":{"line":186,"column":1}},"line":172},"9":{"name":"(anonymous_9)","decl":{"start":{"line":188,"column":32},"end":{"line":188,"column":33}},"loc":{"start":{"line":188,"column":57},"end":{"line":199,"column":1}},"line":188}},"branchMap":{"0":{"loc":{"start":{"line":9,"column":17},"end":{"line":9,"column":31}},"type":"binary-expr","locations":[{"start":{"line":9,"column":17},"end":{"line":9,"column":25}},{"start":{"line":9,"column":29},"end":{"line":9,"column":31}}],"line":9},"1":{"loc":{"start":{"line":23,"column":17},"end":{"line":23,"column":31}},"type":"binary-expr","locations":[{"start":{"line":23,"column":17},"end":{"line":23,"column":25}},{"start":{"line":23,"column":29},"end":{"line":23,"column":31}}],"line":23},"2":{"loc":{"start":{"line":35,"column":27},"end":{"line":35,"column":48}},"type":"binary-expr","locations":[{"start":{"line":35,"column":27},"end":{"line":35,"column":32}},{"start":{"line":35,"column":36},"end":{"line":35,"column":42}},{"start":{"line":35,"column":46},"end":{"line":35,"column":48}}],"line":35},"3":{"loc":{"start":{"line":38,"column":4},"end":{"line":40,"column":5}},"type":"if","locations":[{"start":{"line":38,"column":4},"end":{"line":40,"column":5}},{"start":{},"end":{}}],"line":38},"4":{"loc":{"start":{"line":38,"column":8},"end":{"line":38,"column":37}},"type":"binary-expr","locations":[{"start":{"line":38,"column":8},"end":{"line":38,"column":24}},{"start":{"line":38,"column":28},"end":{"line":38,"column":37}}],"line":38},"5":{"loc":{"start":{"line":43,"column":17},"end":{"line":43,"column":65}},"type":"cond-expr","locations":[{"start":{"line":43,"column":43},"end":{"line":43,"column":54}},{"start":{"line":43,"column":57},"end":{"line":43,"column":65}}],"line":43},"6":{"loc":{"start":{"line":45,"column":4},"end":{"line":47,"column":5}},"type":"if","locations":[{"start":{"line":45,"column":4},"end":{"line":47,"column":5}},{"start":{},"end":{}}],"line":45},"7":{"loc":{"start":{"line":50,"column":22},"end":{"line":50,"column":62}},"type":"binary-expr","locations":[{"start":{"line":50,"column":22},"end":{"line":50,"column":41}},{"start":{"line":50,"column":45},"end":{"line":50,"column":56}},{"start":{"line":50,"column":60},"end":{"line":50,"column":62}}],"line":50},"8":{"loc":{"start":{"line":51,"column":25},"end":{"line":51,"column":70}},"type":"binary-expr","locations":[{"start":{"line":51,"column":25},"end":{"line":51,"column":47}},{"start":{"line":51,"column":51},"end":{"line":51,"column":64}},{"start":{"line":51,"column":68},"end":{"line":51,"column":70}}],"line":51},"9":{"loc":{"start":{"line":53,"column":4},"end":{"line":55,"column":5}},"type":"if","locations":[{"start":{"line":53,"column":4},"end":{"line":55,"column":5}},{"start":{},"end":{}}],"line":53},"10":{"loc":{"start":{"line":53,"column":8},"end":{"line":53,"column":94}},"type":"binary-expr","locations":[{"start":{"line":53,"column":8},"end":{"line":53,"column":65}},{"start":{"line":53,"column":69},"end":{"line":53,"column":94}}],"line":53},"11":{"loc":{"start":{"line":61,"column":11},"end":{"line":61,"column":53}},"type":"binary-expr","locations":[{"start":{"line":61,"column":11},"end":{"line":61,"column":28}},{"start":{"line":61,"column":32},"end":{"line":61,"column":40}},{"start":{"line":61,"column":44},"end":{"line":61,"column":53}}],"line":61},"12":{"loc":{"start":{"line":93,"column":4},"end":{"line":95,"column":5}},"type":"if","locations":[{"start":{"line":93,"column":4},"end":{"line":95,"column":5}},{"start":{},"end":{}}],"line":93},"13":{"loc":{"start":{"line":104,"column":12},"end":{"line":113,"column":73}},"type":"if","locations":[{"start":{"line":104,"column":12},"end":{"line":113,"column":73}},{"start":{"line":113,"column":16},"end":{"line":113,"column":73}}],"line":104},"14":{"loc":{"start":{"line":122,"column":19},"end":{"line":122,"column":58}},"type":"cond-expr","locations":[{"start":{"line":122,"column":51},"end":{"line":122,"column":54}},{"start":{"line":122,"column":55},"end":{"line":122,"column":58}}],"line":122},"15":{"loc":{"start":{"line":132,"column":4},"end":{"line":134,"column":5}},"type":"if","locations":[{"start":{"line":132,"column":4},"end":{"line":134,"column":5}},{"start":{},"end":{}}],"line":132},"16":{"loc":{"start":{"line":132,"column":8},"end":{"line":132,"column":78}},"type":"binary-expr","locations":[{"start":{"line":132,"column":8},"end":{"line":132,"column":15}},{"start":{"line":132,"column":19},"end":{"line":132,"column":28}},{"start":{"line":132,"column":32},"end":{"line":132,"column":46}},{"start":{"line":132,"column":50},"end":{"line":132,"column":55}},{"start":{"line":132,"column":59},"end":{"line":132,"column":65}},{"start":{"line":132,"column":69},"end":{"line":132,"column":78}}],"line":132},"17":{"loc":{"start":{"line":146,"column":14},"end":{"line":146,"column":30}},"type":"binary-expr","locations":[{"start":{"line":146,"column":14},"end":{"line":146,"column":17}},{"start":{"line":146,"column":21},"end":{"line":146,"column":30}}],"line":146},"18":{"loc":{"start":{"line":153,"column":4},"end":{"line":156,"column":5}},"type":"if","locations":[{"start":{"line":153,"column":4},"end":{"line":156,"column":5}},{"start":{},"end":{}}],"line":153},"19":{"loc":{"start":{"line":153,"column":29},"end":{"line":154,"column":71}},"type":"binary-expr","locations":[{"start":{"line":153,"column":29},"end":{"line":153,"column":70}},{"start":{"line":154,"column":29},"end":{"line":154,"column":71}}],"line":153},"20":{"loc":{"start":{"line":164,"column":4},"end":{"line":166,"column":5}},"type":"if","locations":[{"start":{"line":164,"column":4},"end":{"line":166,"column":5}},{"start":{},"end":{}}],"line":164},"21":{"loc":{"start":{"line":181,"column":17},"end":{"line":181,"column":31}},"type":"binary-expr","locations":[{"start":{"line":181,"column":17},"end":{"line":181,"column":25}},{"start":{"line":181,"column":29},"end":{"line":181,"column":31}}],"line":181},"22":{"loc":{"start":{"line":194,"column":17},"end":{"line":194,"column":31}},"type":"binary-expr","locations":[{"start":{"line":194,"column":17},"end":{"line":194,"column":25}},{"start":{"line":194,"column":29},"end":{"line":194,"column":31}}],"line":194}},"s":{"0":2,"1":0,"2":0,"3":0,"4":0,"5":0,"6":0,"7":2,"8":0,"9":0,"10":0,"11":0,"12":0,"13":0,"14":0,"15":2,"16":5,"17":5,"18":5,"19":5,"20":5,"21":2,"22":3,"23":3,"24":3,"25":1,"26":2,"27":2,"28":2,"29":1,"30":1,"31":1,"32":1,"33":1,"34":1,"35":1,"36":0,"37":0,"38":2,"39":2,"40":2,"41":2,"42":2,"43":2,"44":0,"45":0,"46":0,"47":0,"48":0,"49":0,"50":0,"51":0,"52":0,"53":0,"54":0,"55":0,"56":0,"57":2,"58":0,"59":0,"60":0,"61":0,"62":0,"63":0,"64":0,"65":0,"66":0,"67":0,"68":0,"69":0,"70":0,"71":0,"72":0,"73":0,"74":2,"75":0,"76":0,"77":0,"78":0,"79":0,"80":0,"81":0,"82":0,"83":0,"84":0,"85":2,"86":0,"87":0,"88":0,"89":0,"90":0,"91":0,"92":0,"93":0},"f":{"0":0,"1":0,"2":5,"3":2,"4":0,"5":0,"6":0,"7":0,"8":0,"9":0},"b":{"0":[0,0],"1":[0,0],"2":[5,2,2],"3":[2,3],"4":[5,3],"5":[3,0],"6":[1,2],"7":[2,0,0],"8":[2,0,0],"9":[1,1],"10":[2,2],"11":[1,0,0],"12":[2,0],"13":[0,0],"14":[0,0],"15":[0,0],"16":[0,0,0,0,0,0],"17":[0,0],"18":[0,0],"19":[0,0],"20":[0,0],"21":[0,0],"22":[0,0]},"inputSourceMap":null,"_coverageSchema":"1a1c01bbd47fc00a2c39e90264f33305004495a9","hash":"fbed567b474218728088b1e3d43f60df95ae5f84"}
,"C:\\Users\\Lenovo\\Desktop\\sesion13\\sesion13\\sesion13\\routes\\producto.routes.js": {"path":"C:\\Users\\Lenovo\\Desktop\\sesion13\\sesion13\\sesion13\\routes\\producto.routes.js","statementMap":{"0":{"start":{"line":4,"column":15},"end":{"line":4,"column":23}},"1":{"start":{"line":7,"column":0},"end":{"line":7,"column":44}},"2":{"start":{"line":8,"column":0},"end":{"line":8,"column":57}}},"fnMap":{},"branchMap":{},"s":{"0":2,"1":2,"2":2},"f":{},"b":{},"inputSourceMap":null,"_coverageSchema":"1a1c01bbd47fc00a2c39e90264f33305004495a9","hash":"3e7bcb477d727f46f53da560bba061fc21098609"}
,"C:\\Users\\Lenovo\\Desktop\\sesion13\\sesion13\\sesion13\\routes\\seguridad.routes.js": {"path":"C:\\Users\\Lenovo\\Desktop\\sesion13\\sesion13\\sesion13\\routes\\seguridad.routes.js","statementMap":{"0":{"start":{"line":5,"column":15},"end":{"line":5,"column":32}},"1":{"start":{"line":8,"column":0},"end":{"line":8,"column":40}},"2":{"start":{"line":9,"column":0},"end":{"line":12,"column":3}},"3":{"start":{"line":11,"column":2},"end":{"line":11,"column":70}},"4":{"start":{"line":14,"column":0},"end":{"line":14,"column":55}},"5":{"start":{"line":17,"column":0},"end":{"line":17,"column":36}},"6":{"start":{"line":21,"column":0},"end":{"line":21,"column":40}},"7":{"start":{"line":24,"column":0},"end":{"line":24,"column":42}}},"fnMap":{"0":{"name":"(anonymous_0)","decl":{"start":{"line":9,"column":21},"end":{"line":9,"column":22}},"loc":{"start":{"line":9,"column":35},"end":{"line":12,"column":1}},"line":9}},"branchMap":{},"s":{"0":2,"1":2,"2":2,"3":0,"4":2,"5":2,"6":2,"7":2},"f":{"0":0},"b":{},"inputSourceMap":null,"_coverageSchema":"1a1c01bbd47fc00a2c39e90264f33305004495a9","hash":"c930fb35fba7ed5da32dbfd69fb40db666cd1b7f"}
,"C:\\Users\\Lenovo\\Desktop\\sesion13\\sesion13\\sesion13\\schemas\\persona.schema.js": {"path":"C:\\Users\\Lenovo\\Desktop\\sesion13\\sesion13\\sesion13\\schemas\\persona.schema.js","statementMap":{"0":{"start":{"line":3,"column":22},"end":{"line":52,"column":1}},"1":{"start":{"line":54,"column":0},"end":{"line":56,"column":3}},"2":{"start":{"line":55,"column":2},"end":{"line":55,"column":43}},"3":{"start":{"line":58,"column":0},"end":{"line":65,"column":3}},"4":{"start":{"line":59,"column":2},"end":{"line":59,"column":35}},"5":{"start":{"line":60,"column":2},"end":{"line":60,"column":27}},"6":{"start":{"line":61,"column":2},"end":{"line":61,"column":42}},"7":{"start":{"line":62,"column":2},"end":{"line":62,"column":46}},"8":{"start":{"line":63,"column":2},"end":{"line":63,"column":52}},"9":{"start":{"line":64,"column":2},"end":{"line":64,"column":16}},"10":{"start":{"line":67,"column":23},"end":{"line":67,"column":58}},"11":{"start":{"line":69,"column":23},"end":{"line":74,"column":1}},"12":{"start":{"line":70,"column":2},"end":{"line":70,"column":48}},"13":{"start":{"line":71,"column":18},"end":{"line":71,"column":40}},"14":{"start":{"line":72,"column":2},"end":{"line":72,"column":23}},"15":{"start":{"line":73,"column":2},"end":{"line":73,"column":17}},"16":{"start":{"line":76,"column":21},"end":{"line":81,"column":1}},"17":{"start":{"line":77,"column":2},"end":{"line":77,"column":48}},"18":{"start":{"line":78,"column":18},"end":{"line":78,"column":75}},"19":{"start":{"line":79,"column":2},"end":{"line":79,"column":23}},"20":{"start":{"line":80,"column":2},"end":{"line":80,"column":17}},"21":{"start":{"line":83,"column":24},"end":{"line":88,"column":1}},"22":{"start":{"line":84,"column":2},"end":{"line":84,"column":48}},"23":{"start":{"line":85,"column":18},"end":{"line":85,"column":57}},"24":{"start":{"line":86,"column":2},"end":{"line":86,"column":23}},"25":{"start":{"line":87,"column":2},"end":{"line":87,"column":17}},"26":{"start":{"line":90,"column":22},"end":{"line":95,"column":1}},"27":{"start":{"line":91,"column":2},"end":{"line":91,"column":48}},"28":{"start":{"line":92,"column":18},"end":{"line":92,"column":50}},"29":{"start":{"line":93,"column":2},"end":{"line":93,"column":23}},"30":{"start":{"line":94,"column":2},"end":{"line":94,"column":17}},"31":{"start":{"line":97,"column":22},"end":{"line":108,"column":1}},"32":{"start":{"line":98,"column":2},"end":{"line":98,"column":48}},"33":{"start":{"line":99,"column":18},"end":{"line":105,"column":4}},"34":{"start":{"line":106,"column":2},"end":{"line":106,"column":23}},"35":{"start":{"line":107,"column":2},"end":{"line":107,"column":17}},"36":{"start":{"line":110,"column":32},"end":{"line":124,"column":1}},"37":{"start":{"line":111,"column":2},"end":{"line":111,"column":48}},"38":{"start":{"line":112,"column":18},"end":{"line":121,"column":4}},"39":{"start":{"line":122,"column":2},"end":{"line":122,"column":23}},"40":{"start":{"line":123,"column":2},"end":{"line":123,"column":17}}},"fnMap":{"0":{"name":"(anonymous_0)","decl":{"start":{"line":54,"column":45},"end":{"line":54,"column":46}},"loc":{"start":{"line":54,"column":57},"end":{"line":56,"column":1}},"line":54},"1":{"name":"(anonymous_1)","decl":{"start":{"line":58,"column":26},"end":{"line":58,"column":27}},"loc":{"start":{"line":58,"column":42},"end":{"line":65,"column":1}},"line":58},"2":{"name":"(anonymous_2)","decl":{"start":{"line":69,"column":23},"end":{"line":69,"column":24}},"loc":{"start":{"line":69,"column":41},"end":{"line":74,"column":1}},"line":69},"3":{"name":"(anonymous_3)","decl":{"start":{"line":76,"column":21},"end":{"line":76,"column":22}},"loc":{"start":{"line":76,"column":49},"end":{"line":81,"column":1}},"line":76},"4":{"name":"(anonymous_4)","decl":{"start":{"line":83,"column":24},"end":{"line":83,"column":25}},"loc":{"start":{"line":83,"column":52},"end":{"line":88,"column":1}},"line":83},"5":{"name":"(anonymous_5)","decl":{"start":{"line":90,"column":22},"end":{"line":90,"column":23}},"loc":{"start":{"line":90,"column":50},"end":{"line":95,"column":1}},"line":90},"6":{"name":"(anonymous_6)","decl":{"start":{"line":97,"column":22},"end":{"line":97,"column":23}},"loc":{"start":{"line":97,"column":62},"end":{"line":108,"column":1}},"line":97},"7":{"name":"(anonymous_7)","decl":{"start":{"line":110,"column":32},"end":{"line":110,"column":33}},"loc":{"start":{"line":110,"column":60},"end":{"line":124,"column":1}},"line":110}},"branchMap":{},"s":{"0":3,"1":3,"2":1,"3":3,"4":4,"5":4,"6":4,"7":4,"8":4,"9":4,"10":3,"11":3,"12":0,"13":0,"14":0,"15":0,"16":3,"17":3,"18":3,"19":3,"20":3,"21":3,"22":0,"23":0,"24":0,"25":0,"26":3,"27":0,"28":0,"29":0,"30":0,"31":3,"32":0,"33":0,"34":0,"35":0,"36":3,"37":0,"38":0,"39":0,"40":0},"f":{"0":1,"1":4,"2":0,"3":3,"4":0,"5":0,"6":0,"7":0},"b":{},"inputSourceMap":null,"_coverageSchema":"1a1c01bbd47fc00a2c39e90264f33305004495a9","hash":"9e08bcc1f35c5303da66aa3e00cb50353cd48172"}
,"C:\\Users\\Lenovo\\Desktop\\sesion13\\sesion13\\sesion13\\schemas\\producto.schema.js": {"path":"C:\\Users\\Lenovo\\Desktop\\sesion13\\sesion13\\sesion13\\schemas\\producto.schema.js","statementMap":{"0":{"start":{"line":3,"column":23},"end":{"line":33,"column":1}},"1":{"start":{"line":35,"column":24},"end":{"line":35,"column":61}},"2":{"start":{"line":37,"column":23},"end":{"line":56,"column":1}},"3":{"start":{"line":38,"column":16},"end":{"line":38,"column":42}},"4":{"start":{"line":40,"column":2},"end":{"line":53,"column":3}},"5":{"start":{"line":41,"column":22},"end":{"line":41,"column":41}},"6":{"start":{"line":44,"column":16},"end":{"line":44,"column":63}},"7":{"start":{"line":44,"column":23},"end":{"line":44,"column":63}},"8":{"start":{"line":47,"column":4},"end":{"line":47,"column":61}},"9":{"start":{"line":55,"column":2},"end":{"line":55,"column":50}},"10":{"start":{"line":58,"column":30},"end":{"line":61,"column":1}},"11":{"start":{"line":60,"column":2},"end":{"line":60,"column":68}}},"fnMap":{"0":{"name":"(anonymous_0)","decl":{"start":{"line":37,"column":23},"end":{"line":37,"column":24}},"loc":{"start":{"line":37,"column":53},"end":{"line":56,"column":1}},"line":37},"1":{"name":"(anonymous_1)","decl":{"start":{"line":44,"column":16},"end":{"line":44,"column":17}},"loc":{"start":{"line":44,"column":23},"end":{"line":44,"column":63}},"line":44},"2":{"name":"(anonymous_2)","decl":{"start":{"line":58,"column":30},"end":{"line":58,"column":31}},"loc":{"start":{"line":58,"column":48},"end":{"line":61,"column":1}},"line":58}},"branchMap":{"0":{"loc":{"start":{"line":40,"column":2},"end":{"line":53,"column":3}},"type":"if","locations":[{"start":{"line":40,"column":2},"end":{"line":53,"column":3}},{"start":{},"end":{}}],"line":40},"1":{"loc":{"start":{"line":40,"column":6},"end":{"line":40,"column":69}},"type":"binary-expr","locations":[{"start":{"line":40,"column":6},"end":{"line":40,"column":18}},{"start":{"line":40,"column":22},"end":{"line":40,"column":41}},{"start":{"line":40,"column":45},"end":{"line":40,"column":69}}],"line":40}},"s":{"0":2,"1":2,"2":2,"3":0,"4":0,"5":0,"6":0,"7":0,"8":0,"9":0,"10":2,"11":0},"f":{"0":0,"1":0,"2":0},"b":{"0":[0,0],"1":[0,0,0]},"inputSourceMap":null,"_coverageSchema":"1a1c01bbd47fc00a2c39e90264f33305004495a9","hash":"61c234531254c82dea1af170029e6d280560d6a7"}
,"C:\\Users\\Lenovo\\Desktop\\sesion13\\sesion13\\sesion13\\services\\product.service.js": {"path":"C:\\Users\\Lenovo\\Desktop\\sesion13\\sesion13\\sesion13\\services\\product.service.js","statementMap":{"0":{"start":{"line":3,"column":23},"end":{"line":5,"column":1}},"1":{"start":{"line":4,"column":2},"end":{"line":4,"column":38}},"2":{"start":{"line":7,"column":30},"end":{"line":9,"column":1}},"3":{"start":{"line":8,"column":2},"end":{"line":8,"column":36}}},"fnMap":{"0":{"name":"(anonymous_0)","decl":{"start":{"line":3,"column":23},"end":{"line":3,"column":24}},"loc":{"start":{"line":3,"column":44},"end":{"line":5,"column":1}},"line":3},"1":{"name":"(anonymous_1)","decl":{"start":{"line":7,"column":30},"end":{"line":7,"column":31}},"loc":{"start":{"line":7,"column":42},"end":{"line":9,"column":1}},"line":7}},"branchMap":{},"s":{"0":1,"1":0,"2":1,"3":0},"f":{"0":0,"1":0},"b":{},"inputSourceMap":null,"_coverageSchema":"1a1c01bbd47fc00a2c39e90264f33305004495a9","hash":"a1806df6f312a32eadc150d818057a1e56958d34"}
,"C:\\Users\\Lenovo\\Desktop\\sesion13\\sesion13\\sesion13\\services\\seguridad.service.js": {"path":"C:\\Users\\Lenovo\\Desktop\\sesion13\\sesion13\\sesion13\\services\\seguridad.service.js","statementMap":{"0":{"start":{"line":3,"column":23},"end":{"line":10,"column":1}},"1":{"start":{"line":4,"column":2},"end":{"line":4,"column":49}},"2":{"start":{"line":6,"column":16},"end":{"line":6,"column":45}},"3":{"start":{"line":7,"column":2},"end":{"line":7,"column":34}},"4":{"start":{"line":8,"column":2},"end":{"line":8,"column":23}},"5":{"start":{"line":9,"column":2},"end":{"line":9,"column":17}},"6":{"start":{"line":15,"column":21},"end":{"line":22,"column":1}},"7":{"start":{"line":16,"column":2},"end":{"line":16,"column":49}},"8":{"start":{"line":18,"column":16},"end":{"line":18,"column":53}},"9":{"start":{"line":19,"column":2},"end":{"line":19,"column":34}},"10":{"start":{"line":20,"column":2},"end":{"line":20,"column":23}},"11":{"start":{"line":21,"column":2},"end":{"line":21,"column":17}},"12":{"start":{"line":24,"column":24},"end":{"line":29,"column":1}},"13":{"start":{"line":25,"column":2},"end":{"line":25,"column":49}},"14":{"start":{"line":27,"column":16},"end":{"line":27,"column":56}},"15":{"start":{"line":28,"column":2},"end":{"line":28,"column":17}},"16":{"start":{"line":31,"column":22},"end":{"line":36,"column":1}},"17":{"start":{"line":32,"column":2},"end":{"line":32,"column":49}},"18":{"start":{"line":34,"column":16},"end":{"line":34,"column":54}},"19":{"start":{"line":35,"column":2},"end":{"line":35,"column":17}}},"fnMap":{"0":{"name":"(anonymous_0)","decl":{"start":{"line":3,"column":23},"end":{"line":3,"column":24}},"loc":{"start":{"line":3,"column":41},"end":{"line":10,"column":1}},"line":3},"1":{"name":"(anonymous_1)","decl":{"start":{"line":15,"column":21},"end":{"line":15,"column":22}},"loc":{"start":{"line":15,"column":49},"end":{"line":22,"column":1}},"line":15},"2":{"name":"(anonymous_2)","decl":{"start":{"line":24,"column":24},"end":{"line":24,"column":25}},"loc":{"start":{"line":24,"column":52},"end":{"line":29,"column":1}},"line":24},"3":{"name":"(anonymous_3)","decl":{"start":{"line":31,"column":22},"end":{"line":31,"column":23}},"loc":{"start":{"line":31,"column":50},"end":{"line":36,"column":1}},"line":31}},"branchMap":{},"s":{"0":2,"1":0,"2":0,"3":0,"4":0,"5":0,"6":2,"7":3,"8":3,"9":3,"10":3,"11":3,"12":2,"13":0,"14":0,"15":0,"16":2,"17":0,"18":0,"19":0},"f":{"0":0,"1":3,"2":0,"3":0},"b":{},"inputSourceMap":null,"_coverageSchema":"1a1c01bbd47fc00a2c39e90264f33305004495a9","hash":"328957d89be1ff38cbc1856709acb809c45d6028"}
,"C:\\Users\\Lenovo\\Desktop\\sesion13\\sesion13\\sesion13\\tests\\utils\\mongo-memory.js": {"path":"C:\\Users\\Lenovo\\Desktop\\sesion13\\sesion13\\sesion13\\tests\\utils\\mongo-memory.js","statementMap":{"0":{"start":{"line":7,"column":2},"end":{"line":7,"column":44}},"1":{"start":{"line":8,"column":14},"end":{"line":8,"column":29}},"2":{"start":{"line":9,"column":2},"end":{"line":9,"column":23}},"3":{"start":{"line":13,"column":26},"end":{"line":13,"column":40}},"4":{"start":{"line":14,"column":2},"end":{"line":16,"column":3}},"5":{"start":{"line":15,"column":4},"end":{"line":15,"column":42}},"6":{"start":{"line":20,"column":2},"end":{"line":20,"column":38}},"7":{"start":{"line":21,"column":2},"end":{"line":21,"column":23}},"8":{"start":{"line":22,"column":2},"end":{"line":22,"column":34}},"9":{"start":{"line":22,"column":14},"end":{"line":22,"column":34}}},"fnMap":{"0":{"name":"connectInMemory","decl":{"start":{"line":6,"column":22},"end":{"line":6,"column":37}},"loc":{"start":{"line":6,"column":40},"end":{"line":10,"column":1}},"line":6},"1":{"name":"clearDatabase","decl":{"start":{"line":12,"column":22},"end":{"line":12,"column":35}},"loc":{"start":{"line":12,"column":38},"end":{"line":17,"column":1}},"line":12},"2":{"name":"closeInMemory","decl":{"start":{"line":19,"column":22},"end":{"line":19,"column":35}},"loc":{"start":{"line":19,"column":38},"end":{"line":23,"column":1}},"line":19}},"branchMap":{"0":{"loc":{"start":{"line":22,"column":2},"end":{"line":22,"column":34}},"type":"if","locations":[{"start":{"line":22,"column":2},"end":{"line":22,"column":34}},{"start":{},"end":{}}],"line":22}},"s":{"0":2,"1":2,"2":2,"3":7,"4":7,"5":14,"6":2,"7":2,"8":2,"9":2},"f":{"0":2,"1":7,"2":2},"b":{"0":[2,0]},"inputSourceMap":null,"_coverageSchema":"1a1c01bbd47fc00a2c39e90264f33305004495a9","hash":"eac8ca211103198a152ec3153e07783e96382056"}
,"C:\\Users\\Lenovo\\Desktop\\sesion13\\sesion13\\sesion13\\utils\\constantes.js": {"path":"C:\\Users\\Lenovo\\Desktop\\sesion13\\sesion13\\sesion13\\utils\\constantes.js","statementMap":{"0":{"start":{"line":1,"column":13},"end":{"line":1,"column":17}},"1":{"start":{"line":2,"column":26},"end":{"line":2,"column":49}},"2":{"start":{"line":6,"column":24},"end":{"line":6,"column":46}},"3":{"start":{"line":7,"column":25},"end":{"line":7,"column":29}},"4":{"start":{"line":11,"column":32},"end":{"line":11,"column":62}},"5":{"start":{"line":12,"column":33},"end":{"line":12,"column":38}}},"fnMap":{},"branchMap":{},"s":{"0":2,"1":2,"2":2,"3":2,"4":2,"5":2},"f":{},"b":{},"inputSourceMap":null,"_coverageSchema":"1a1c01bbd47fc00a2c39e90264f33305004495a9","hash":"ef59305e0b08278f7b5a69f6c2d27d136c2b9487"}
}
