TN:
SF:routes.js
FNF:0
FNH:0
DA:4,2
DA:7,2
DA:8,2
LF:3
LH:3
BRF:0
BRH:0
end_of_record
TN:
SF:config\auth.js
FN:8,(anonymous_0)
FN:11,(anonymous_1)
FN:14,(anonymous_2)
FN:18,(anonymous_3)
FNF:4
FNH:2
FNDA:2,(anonymous_0)
FNDA:1,(anonymous_1)
FNDA:0,(anonymous_2)
FNDA:0,(anonymous_3)
DA:3,3
DA:4,3
DA:5,3
DA:6,3
DA:8,3
DA:9,2
DA:11,3
DA:12,1
DA:14,3
DA:15,0
DA:18,3
DA:19,0
DA:20,0
DA:22,0
DA:24,0
DA:25,0
DA:26,0
DA:27,0
DA:29,0
LF:19
LH:10
BRDA:3,0,0,3
BRDA:3,0,1,3
BRDA:4,1,0,3
BRDA:4,1,1,3
BRDA:19,2,0,0
BRDA:19,2,1,0
BRDA:20,3,0,0
BRDA:20,3,1,0
BRDA:22,4,0,0
BRDA:22,4,1,0
BRDA:30,5,0,0
BRDA:30,5,1,0
BRF:12
BRH:4
end_of_record
TN:
SF:config\cors.js
FNF:0
FNH:0
DA:4,2
DA:5,2
LF:2
LH:2
BRF:0
BRH:0
end_of_record
TN:
SF:config\mongoose.js
FN:6,connect
FN:13,disconnect
FN:19,(anonymous_2)
FN:20,(anonymous_3)
FN:21,(anonymous_4)
FN:25,(anonymous_5)
FNF:6
FNH:4
FNDA:2,connect
FNDA:2,disconnect
FNDA:3,(anonymous_2)
FNDA:0,(anonymous_3)
FNDA:4,(anonymous_4)
FNDA:0,(anonymous_5)
DA:3,5
DA:4,5
DA:7,2
DA:8,2
DA:9,2
DA:10,2
DA:14,2
DA:15,2
DA:16,2
DA:19,5
DA:20,5
DA:21,5
DA:24,5
DA:25,0
LF:14
LH:13
BRDA:3,0,0,5
BRDA:3,0,1,5
BRDA:6,1,0,0
BRDA:7,2,0,0
BRDA:7,2,1,2
BRDA:14,3,0,0
BRDA:14,3,1,2
BRDA:24,4,0,0
BRDA:24,4,1,5
BRF:9
BRH:5
end_of_record
TN:
SF:controllers\producto.controller.js
FN:3,(anonymous_0)
FN:14,(anonymous_1)
FNF:2
FNH:2
FNDA:2,(anonymous_0)
FNDA:1,(anonymous_1)
DA:3,2
DA:4,2
DA:5,2
DA:6,2
DA:7,1
DA:9,1
DA:10,1
DA:14,2
DA:15,1
DA:16,1
DA:17,1
DA:19,0
DA:20,0
LF:13
LH:11
BRDA:7,0,0,1
BRDA:7,0,1,0
BRDA:17,1,0,1
BRDA:17,1,1,0
BRF:4
BRH:2
end_of_record
TN:
SF:controllers\seguridad.controller.js
FN:4,(anonymous_0)
FN:16,(anonymous_1)
FN:32,(anonymous_2)
FN:88,(anonymous_3)
FN:102,(anonymous_4)
FN:115,(anonymous_5)
FN:127,(anonymous_6)
FN:153,(anonymous_7)
FN:172,(anonymous_8)
FN:188,(anonymous_9)
FNF:10
FNH:2
FNDA:0,(anonymous_0)
FNDA:0,(anonymous_1)
FNDA:5,(anonymous_2)
FNDA:2,(anonymous_3)
FNDA:0,(anonymous_4)
FNDA:0,(anonymous_5)
FNDA:0,(anonymous_6)
FNDA:0,(anonymous_7)
FNDA:0,(anonymous_8)
FNDA:0,(anonymous_9)
DA:4,2
DA:5,0
DA:7,0
DA:8,0
DA:9,0
DA:11,0
DA:12,0
DA:16,2
DA:17,0
DA:19,0
DA:21,0
DA:22,0
DA:23,0
DA:25,0
DA:26,0
DA:32,2
DA:33,5
DA:34,5
DA:35,5
DA:37,5
DA:38,5
DA:39,2
DA:42,3
DA:43,3
DA:45,3
DA:46,1
DA:50,2
DA:51,2
DA:53,2
DA:54,1
DA:58,1
DA:64,1
DA:65,1
DA:67,1
DA:68,1
DA:70,1
DA:81,0
DA:82,0
DA:88,2
DA:89,2
DA:90,2
DA:91,2
DA:93,2
DA:94,2
DA:97,0
DA:98,0
DA:99,0
DA:101,0
DA:104,0
DA:106,0
DA:107,0
DA:108,0
DA:113,0
DA:116,0
DA:117,0
DA:121,0
DA:122,0
DA:127,2
DA:128,0
DA:129,0
DA:130,0
DA:132,0
DA:133,0
DA:137,0
DA:152,0
DA:153,0
DA:155,0
DA:158,0
DA:159,0
DA:161,0
DA:164,0
DA:165,0
DA:167,0
DA:172,2
DA:173,0
DA:175,0
DA:176,0
DA:177,0
DA:178,0
DA:179,0
DA:180,0
DA:181,0
DA:183,0
DA:184,0
DA:188,2
DA:189,0
DA:190,0
DA:191,0
DA:192,0
DA:193,0
DA:194,0
DA:196,0
DA:197,0
LF:93
LH:32
BRDA:9,0,0,0
BRDA:9,0,1,0
BRDA:23,1,0,0
BRDA:23,1,1,0
BRDA:35,2,0,5
BRDA:35,2,1,2
BRDA:35,2,2,2
BRDA:38,3,0,2
BRDA:38,3,1,3
BRDA:38,4,0,5
BRDA:38,4,1,3
BRDA:43,5,0,3
BRDA:43,5,1,0
BRDA:45,6,0,1
BRDA:45,6,1,2
BRDA:50,7,0,2
BRDA:50,7,1,0
BRDA:50,7,2,0
BRDA:51,8,0,2
BRDA:51,8,1,0
BRDA:51,8,2,0
BRDA:53,9,0,1
BRDA:53,9,1,1
BRDA:53,10,0,2
BRDA:53,10,1,2
BRDA:61,11,0,1
BRDA:61,11,1,0
BRDA:61,11,2,0
BRDA:93,12,0,2
BRDA:93,12,1,0
BRDA:104,13,0,0
BRDA:104,13,1,0
BRDA:122,14,0,0
BRDA:122,14,1,0
BRDA:132,15,0,0
BRDA:132,15,1,0
BRDA:132,16,0,0
BRDA:132,16,1,0
BRDA:132,16,2,0
BRDA:132,16,3,0
BRDA:132,16,4,0
BRDA:132,16,5,0
BRDA:146,17,0,0
BRDA:146,17,1,0
BRDA:153,18,0,0
BRDA:153,18,1,0
BRDA:153,19,0,0
BRDA:153,19,1,0
BRDA:164,20,0,0
BRDA:164,20,1,0
BRDA:181,21,0,0
BRDA:181,21,1,0
BRDA:194,22,0,0
BRDA:194,22,1,0
BRF:54
BRH:18
end_of_record
TN:
SF:routes\producto.routes.js
FNF:0
FNH:0
DA:4,2
DA:7,2
DA:8,2
LF:3
LH:3
BRF:0
BRH:0
end_of_record
TN:
SF:routes\seguridad.routes.js
FN:9,(anonymous_0)
FNF:1
FNH:0
FNDA:0,(anonymous_0)
DA:5,2
DA:8,2
DA:9,2
DA:11,0
DA:14,2
DA:17,2
DA:21,2
DA:24,2
LF:8
LH:7
BRF:0
BRH:0
end_of_record
TN:
SF:schemas\persona.schema.js
FN:54,(anonymous_0)
FN:58,(anonymous_1)
FN:69,(anonymous_2)
FN:76,(anonymous_3)
FN:83,(anonymous_4)
FN:90,(anonymous_5)
FN:97,(anonymous_6)
FN:110,(anonymous_7)
FNF:8
FNH:3
FNDA:1,(anonymous_0)
FNDA:4,(anonymous_1)
FNDA:0,(anonymous_2)
FNDA:3,(anonymous_3)
FNDA:0,(anonymous_4)
FNDA:0,(anonymous_5)
FNDA:0,(anonymous_6)
FNDA:0,(anonymous_7)
DA:3,3
DA:54,3
DA:55,1
DA:58,3
DA:59,4
DA:60,4
DA:61,4
DA:62,4
DA:63,4
DA:64,4
DA:67,3
DA:69,3
DA:70,0
DA:71,0
DA:72,0
DA:73,0
DA:76,3
DA:77,3
DA:78,3
DA:79,3
DA:80,3
DA:83,3
DA:84,0
DA:85,0
DA:86,0
DA:87,0
DA:90,3
DA:91,0
DA:92,0
DA:93,0
DA:94,0
DA:97,3
DA:98,0
DA:99,0
DA:106,0
DA:107,0
DA:110,3
DA:111,0
DA:112,0
DA:122,0
DA:123,0
LF:41
LH:21
BRF:0
BRH:0
end_of_record
TN:
SF:schemas\producto.schema.js
FN:37,(anonymous_0)
FN:44,(anonymous_1)
FN:58,(anonymous_2)
FNF:3
FNH:0
FNDA:0,(anonymous_0)
FNDA:0,(anonymous_1)
FNDA:0,(anonymous_2)
DA:3,2
DA:35,2
DA:37,2
DA:38,0
DA:40,0
DA:41,0
DA:44,0
DA:47,0
DA:55,0
DA:58,2
DA:60,0
LF:11
LH:4
BRDA:40,0,0,0
BRDA:40,0,1,0
BRDA:40,1,0,0
BRDA:40,1,1,0
BRDA:40,1,2,0
BRF:5
BRH:0
end_of_record
TN:
SF:services\product.service.js
FN:3,(anonymous_0)
FN:7,(anonymous_1)
FNF:2
FNH:0
FNDA:0,(anonymous_0)
FNDA:0,(anonymous_1)
DA:3,1
DA:4,0
DA:7,1
DA:8,0
LF:4
LH:2
BRF:0
BRH:0
end_of_record
TN:
SF:services\seguridad.service.js
FN:3,(anonymous_0)
FN:15,(anonymous_1)
FN:24,(anonymous_2)
FN:31,(anonymous_3)
FNF:4
FNH:1
FNDA:0,(anonymous_0)
FNDA:3,(anonymous_1)
FNDA:0,(anonymous_2)
FNDA:0,(anonymous_3)
DA:3,2
DA:4,0
DA:6,0
DA:7,0
DA:8,0
DA:9,0
DA:15,2
DA:16,3
DA:18,3
DA:19,3
DA:20,3
DA:21,3
DA:24,2
DA:25,0
DA:27,0
DA:28,0
DA:31,2
DA:32,0
DA:34,0
DA:35,0
LF:20
LH:9
BRF:0
BRH:0
end_of_record
TN:
SF:tests\utils\mongo-memory.js
FN:6,connectInMemory
FN:12,clearDatabase
FN:19,closeInMemory
FNF:3
FNH:3
FNDA:2,connectInMemory
FNDA:7,clearDatabase
FNDA:2,closeInMemory
DA:7,2
DA:8,2
DA:9,2
DA:13,7
DA:14,7
DA:15,14
DA:20,2
DA:21,2
DA:22,2
LF:9
LH:9
BRDA:22,0,0,2
BRDA:22,0,1,0
BRF:2
BRH:1
end_of_record
TN:
SF:utils\constantes.js
FNF:0
FNH:0
DA:1,2
DA:2,2
DA:6,2
DA:7,2
DA:11,2
DA:12,2
LF:6
LH:6
BRF:0
BRH:0
end_of_record
